2020-01-18T20:59:39.661Z - info: [SERVER] Camelot Wiki is initializing...
2020-01-18T20:59:39.812Z - info: [SERVER] Checking data directories...
2020-01-18T20:59:39.814Z - info: [SERVER] Data and Repository directories are OK.
2020-01-18T20:59:40.889Z - info: [SERVER] HTTP server started successfully! [RUNNING]
2020-01-18T20:59:40.901Z - info: [SERVER] Connected to MongoDB instance.
2020-01-18T20:59:41.034Z - error: [SERVER] Gone
2020-01-18T20:59:41.035Z - info: [SERVER] Starting initial document scan
2020-01-18T20:59:41.037Z - info: [SERVER] Starting initial file scan
2020-01-18T20:59:41.091Z - info: [SERVER] Finished initial document scan
2020-01-18T20:59:41.092Z - info: [SERVER] Starting tree update
2020-01-18T20:59:41.137Z - info: [SERVER] Finished initial file scan
2020-01-18T20:59:41.142Z - info: [SERVER] Finished tree update successfull
2020-01-18T20:59:41.167Z - error: [SERVER] Gone
2020-01-18T20:59:41.167Z - info: [SERVER] Starting tree update
2020-01-18T20:59:41.170Z - info: [SERVER] Finished tree update successfull
2020-01-18T20:59:41.318Z - error: [SERVER] Gone
2020-01-18T20:59:41.319Z - info: [SERVER] Starting tree update
2020-01-18T20:59:41.328Z - info: [SERVER] Finished tree update successfull
2020-01-18T21:00:20.901Z - info: [SERVER] - SHUTTING DOWN - Terminating Background Agent...
2020-01-18T21:02:09.270Z - info: [SERVER] Camelot Wiki is initializing...
2020-01-18T21:02:09.433Z - info: [SERVER] Checking data directories...
2020-01-18T21:02:09.440Z - info: [SERVER] Data and Repository directories are OK.
2020-01-18T21:03:20.430Z - info: [SERVER] HTTP server started successfully! [RUNNING]
2020-01-18T21:03:20.445Z - error: [SERVER] Request Timeout after 30000ms
2020-01-18T21:03:20.527Z - info: [SERVER] Connected to MongoDB instance.
2020-01-18T21:03:38.521Z - info: [SERVER] Starting initial document scan
2020-01-18T21:03:47.225Z - info: [SERVER] Starting initial file scan
2020-01-18T21:03:55.252Z - info: [SERVER] Finished initial document scan
2020-01-18T21:03:55.254Z - info: [SERVER] Starting tree update
2020-01-18T21:03:55.471Z - info: [SERVER] Finished tree update successfull
2020-01-18T21:03:55.472Z - info: [SERVER] Finished initial file scan
2020-01-18T21:03:55.589Z - error: [SERVER] Gone
2020-01-18T21:03:55.590Z - info: [SERVER] Starting tree update
2020-01-18T21:03:55.595Z - error: [SERVER] Gone
2020-01-18T21:03:55.596Z - info: [SERVER] Starting tree update
2020-01-18T21:03:55.612Z - info: [SERVER] Finished tree update successfull
2020-01-18T21:03:55.613Z - info: [SERVER] Finished tree update successfull
2020-01-18T21:04:05.405Z - info: [SERVER] - SHUTTING DOWN - Terminating Background Agent...
2020-01-18T21:06:27.148Z - info: [SERVER] Camelot Wiki is initializing...
2020-01-18T21:06:27.403Z - info: [SERVER] Checking data directories...
2020-01-18T21:06:27.407Z - info: [SERVER] Data and Repository directories are OK.
2020-01-18T21:06:35.867Z - info: [SERVER] HTTP server started successfully! [RUNNING]
2020-01-18T21:06:35.913Z - info: [SERVER] Connected to MongoDB instance.
2020-01-18T21:06:36.050Z - error: [SERVER] Gone
2020-01-18T21:06:37.629Z - info: [SERVER] Starting initial document scan
2020-01-18T21:06:38.768Z - info: [SERVER] Starting initial file scan
2020-01-18T21:06:40.610Z - info: [SERVER] Finished initial document scan
2020-01-18T21:06:40.611Z - info: [SERVER] Starting tree update
2020-01-18T21:06:40.639Z - info: [SERVER] Finished initial file scan
2020-01-18T21:06:40.655Z - info: [SERVER] Finished tree update successfull
2020-01-18T21:06:40.684Z - error: [SERVER] Gone
2020-01-18T21:06:40.684Z - info: [SERVER] Starting tree update
2020-01-18T21:06:40.688Z - info: [SERVER] Finished tree update successfull
2020-01-18T21:06:40.775Z - error: [SERVER] Gone
2020-01-18T21:06:40.775Z - info: [SERVER] Starting tree update
2020-01-18T21:06:40.778Z - info: [SERVER] Finished tree update successfull
2020-01-18T21:07:41.059Z - info: [SERVER] Camelot Wiki is initializing...
2020-01-18T21:07:41.276Z - info: [SERVER] Checking data directories...
2020-01-18T21:07:41.278Z - info: [SERVER] Data and Repository directories are OK.
2020-01-18T21:07:53.303Z - info: [SERVER] HTTP server started successfully! [RUNNING]
2020-01-18T21:07:53.350Z - info: [SERVER] Connected to MongoDB instance.
2020-01-18T21:07:53.462Z - error: [SERVER] Gone
2020-01-18T21:07:54.460Z - info: [SERVER] Starting initial document scan
2020-01-18T21:07:55.041Z - info: [SERVER] Starting initial file scan
2020-01-18T21:07:56.281Z - info: [SERVER] Finished initial document scan
2020-01-18T21:07:56.282Z - info: [SERVER] Starting tree update
2020-01-18T21:07:56.289Z - info: [SERVER] Finished initial file scan
2020-01-18T21:07:56.300Z - info: [SERVER] Finished tree update successfull
2020-01-18T21:07:56.329Z - error: [SERVER] Gone
2020-01-18T21:07:56.329Z - info: [SERVER] Starting tree update
2020-01-18T21:07:56.333Z - info: [SERVER] Finished tree update successfull
2020-01-18T21:07:56.420Z - error: [SERVER] Gone
2020-01-18T21:07:56.420Z - info: [SERVER] Starting tree update
2020-01-18T21:07:56.424Z - info: [SERVER] Finished tree update successfull
2020-01-18T21:08:17.283Z - info: [SERVER] Camelot Wiki is initializing...
2020-01-18T21:08:17.551Z - info: [SERVER] Checking data directories...
2020-01-18T21:08:17.559Z - info: [SERVER] Data and Repository directories are OK.
2020-01-18T21:08:19.590Z - info: [SERVER] HTTP server started successfully! [RUNNING]
2020-01-18T21:08:19.602Z - info: [SERVER] Connected to MongoDB instance.
